 SOFiSTiK AG - Educational-Version -
 GRAPHIC - GRAPHICS FOR FINITE ELEMENTS V 2024-4.0        6/13/24       Page:    
 
 Thick Circular Plate
 
    1 +PROG WING
    2 $ Dat : \\tsclient\...\sofistik\be42\thick_plate.dat  (#00a)        13.06.2024
    3 $ Job : H502-01:000023                                                   15:02
    4 HEAD PLOT RESULTS
    5 PAGE UNII 0
    6 CTRL OPT INP
    7 CTRL OPT GSTR VAL DEFA
    8 CTRL OPT AXIS VAL DEFA
    9 PAGE LANO 1 UNIO 0
   10 SIZE TYPE URS SC 0
   11 SIZ2
   12 AND  POSI 1 POSL 0 POSR 100 POSD 0 POSU 100
   13 SCHH H6 0.300000 ND 3
   14 SCH2 DIRE DEFA
   15 LC   NO 501 DESI 1
   16 BOX
   17 VIEW TYPE DIRE X 0 Y 0 Z 1 AXIS POSY ROTA 0
   18 DEFO TYPE NO EXPO 0 SMOV NO
   19 SELE NUMB 0
   20 QUAD TYPE MX UNIT -1011.430 SCHH YES STYP NODE FILL NO REPR DVEC AVER NO
   21 QUAD TYPE MY UNIT -1011.430 SCHH YES STYP NODE FILL NO REPR DVEC AVER NO
   22 QUAD TYPE UUZ UNIT -1011.430 SCHH YES STYP NODE FILL NO REPR DVEC AVER NO
   23 END
 
